<?xml version="1.0" encoding="UTF-8" ?>
<testsuites>
  <testsuite errors="1" failures="0" hostname="wm-msr" id="0" name="WmTestSuite" package="com.wm.ps.test" skipped="0" tests="2" time="0.323" timestamp="2021-12-09T10:30:49">
      <properties>
[...]
</properties>

      <testcase classname="com.wm.ps.test.WmTestCase" name="HelloWorld V1 Tester" time="0.204">
          <error message="greeting :Expected and actual objects don&apos;t match.: expected &lt;Hello Bob from node helloworld&gt; but was &lt;Hello Bob from node wm-msr&gt;" type="java.lang.AssertionError">java.lang.AssertionError: greeting :Expected and actual objects don&apos;t match.: expected &lt;Hello Bob from node helloworld&gt; but was &lt;Hello Bob from node wm-msr&gt;
	at com.wm.ps.test.WmAssert.assertIDataEquals(WmAssert.java:205)
	at com.wm.ps.test.WmAssert.assertEquals(WmAssert.java:75)
	at com.wm.ps.test.DefaultResultsValidator.assertValid(DefaultResultsValidator.java:168)
	at com.wm.ps.test.WmTestCase.runInvoke(WmTestCase.java:1242)
	at com.wm.ps.test.WmTestCase.runTest(WmTestCase.java:1152)
</error>

      </testcase>

      <testcase classname="com.wm.ps.test.WmTestCase" name="HelloWorld V2 Tester" time="0.104" />

      <system-out><![CDATA[]]></system-out>

      <system-err><![CDATA[]]></system-err>

  </testsuite>
</testsuites>
