<?xml version="1.0" encoding="UTF-8" ?>
<testsuites>
  <testsuite errors="0" failures="0" hostname="helloworld" id="0" name="WmTestSuite" package="com.wm.ps.test" skipped="0" tests="2" time="0.248" timestamp="2020-11-14T14:27:22">
      <properties>
[...]
</properties>

      <testcase classname="com.wm.ps.test.WmTestCase" name="HelloWorld V2 Tester" time="0.207" />

      <testcase classname="com.wm.ps.test.WmTestCase" name="HelloWorld V1 Tester" time="0.026" />

      <system-out><![CDATA[]]></system-out>

      <system-err><![CDATA[]]></system-err>

  </testsuite>
</testsuites>
