<?xml version="1.0" encoding="UTF-8" ?>
<testsuite errors="2" failures="0" hostname="helloworld" name="com.wm.ps.test.WmTestSuite" skipped="0" tests="2" time="0.152" timestamp="2020-11-04T17:16:46">
  <properties>
[...]
</properties>
  <testcase classname="com.wm.ps.test.WmTestCase" name="HelloWorld V2 Tester" time="0.112">
    <error message="[ART.117.4021] Adapter Runtime (Adapter Service): Unable to invoke adapter service jc.api.helloworld_.services.priv.jdbc:insertMessage. Unable to get adapter service template.&#xa;[ART.117.4006] Adapter Runtime (Adapter Service): Invalid adapter type JDBCAdapter." type="com.wm.app.b2b.client.ServiceException">com.wm.pkg.art.error.DetailedServiceException: [ART.117.4021] Adapter Runtime (Adapter Service): Unable to invoke adapter service jc.api.helloworld_.services.priv.jdbc:insertMessage. Unable to get adapter service template.
[ART.117.4006] Adapter Runtime (Adapter Service): Invalid adapter type JDBCAdapter.
	at com.wm.pkg.art.error.DetailedServiceException.create(DetailedServiceException.java:134)
	at com.wm.pkg.art.error.DetailedServiceException.create(DetailedServiceException.java:125)
	at com.wm.pkg.art.ns.AdapterServiceNode.invokeService(AdapterServiceNode.java:260)
	at com.wm.pkg.art.ns.ARTNSService.baseInvoke(ARTNSService.java:62)
	at com.wm.app.b2b.server.invoke.InvokeManager.process(InvokeManager.java:739)
	at com.wm.app.b2b.server.util.tspace.ReservationProcessor.process(ReservationProcessor.java:46)
	at com.wm.app.b2b.server.invoke.StatisticsProcessor.process(StatisticsProcessor.java:61)
	at com.wm.app.b2b.server.invoke.ServiceCompletionImpl.process(ServiceCompletionImpl.java:250)
	at com.wm.app.b2b.server.invoke.ValidateProcessor.process(ValidateProcessor.java:56)
	at com.wm.app.b2b.server.invoke.PipelineProcessor.process(PipelineProcessor.java:178)
	at com.wm.app.b2b.server.ACLManager.process(ACLManager.java:334)
	at com.wm.app.b2b.server.invoke.DispatchProcessor.process(DispatchProcessor.java:41)
	at com.wm.app.b2b.server.AuditLogManager.process(AuditLogManager.java:401)
	at com.wm.app.b2b.server.invoke.InvokeManager.invoke(InvokeManager.java:611)
	at com.wm.app.b2b.server.invoke.InvokeManager.invoke(InvokeManager.java:423)
	at com.wm.app.b2b.server.invoke.InvokeManager.invoke(InvokeManager.java:381)
	at com.wm.app.b2b.server.ServiceManager.invoke(ServiceManager.java:253)
	at com.wm.app.b2b.server.BaseService.invoke(BaseService.java:236)
	at com.wm.lang.flow.FlowInvoke.invoke(FlowInvoke.java:267)
	at com.wm.lang.flow.FlowState.invokeNode(FlowState.java:668)
	at com.wm.lang.flow.FlowState.step(FlowState.java:534)
	at com.wm.lang.flow.FlowState.invoke(FlowState.java:501)
	at com.wm.app.b2b.server.FlowSvcImpl.baseInvoke(FlowSvcImpl.java:1150)
	at com.wm.app.b2b.server.invoke.InvokeManager.process(InvokeManager.java:739)
	at com.wm.app.b2b.server.util.tspace.ReservationProcessor.process(ReservationProcessor.java:46)
	at com.wm.app.b2b.server.invoke.StatisticsProcessor.process(StatisticsProcessor.java:61)
	at com.wm.app.b2b.server.invoke.ServiceCompletionImpl.process(ServiceCompletionImpl.java:250)
	at com.wm.app.b2b.server.invoke.ValidateProcessor.process(ValidateProcessor.java:56)
	at com.wm.app.b2b.server.invoke.PipelineProcessor.process(PipelineProcessor.java:178)
	at com.wm.app.b2b.server.ACLManager.process(ACLManager.java:334)
	at com.wm.app.b2b.server.invoke.DispatchProcessor.process(DispatchProcessor.java:41)
	at com.wm.app.b2b.server.AuditLogManager.process(AuditLogManager.java:401)
	at com.wm.app.b2b.server.invoke.InvokeManager.invoke(InvokeManager.java:611)
	at com.wm.app.b2b.server.invoke.InvokeManager.invoke(InvokeManager.java:423)
	at com.wm.app.b2b.server.invoke.InvokeManager.invoke(InvokeManager.java:381)
	at com.wm.app.b2b.server.ServiceManager.invoke(ServiceManager.java:253)
	at com.wm.app.b2b.server.comm.DefaultServerRequestHandler.handleMessage(DefaultServerRequestHandler.java:127)
	at com.wm.app.b2b.server.HTTPMessageHandler.process(HTTPMessageHandler.java:163)
	at com.wm.app.b2b.server.HTTPDispatch.handleRequest(HTTPDispatch.java:223)
	at com.wm.app.b2b.server.Dispatch.run(Dispatch.java:430)
	at com.wm.util.pool.PooledThread.run(PooledThread.java:134)
	at java.lang.Thread.run(Thread.java:748)
Caused by: com.wm.pkg.art.error.DetailedException: [ART.117.4006] Adapter Runtime (Adapter Service): Invalid adapter type JDBCAdapter.
	at com.wm.pkg.art.ns.AdapterServiceNode.getAdapterType(AdapterServiceNode.java:719)
	at com.wm.pkg.art.ns.AdapterServiceNode.getInteractionSpec(AdapterServiceNode.java:630)
	at com.wm.pkg.art.ns.AdapterServiceNode.invokeService(AdapterServiceNode.java:256)
</error>
  </testcase>
  <testcase classname="com.wm.ps.test.WmTestCase" name="HelloWorld V1 Tester" time="0.03">
    <error message="greeting :Expected and actual objects don&apos;t match.: expected &lt;Hello Bob from node helloworld-app - The quick brown fox jumped over the lazy dog. The quick brown fox jumped over the lazy dog. The quick brown fox jumped over the lazy dog. The quick brown fox jumped over the lazy dog. The quick brown fox jumped over the lazy dog. The quick brown fox jumped over the lazy dog. The quick brown fox jumped over the lazy dog. The quick brown fox jumped over the lazy dog. The quick brown fox jumped over the lazy dog. The quick brown fox jumped over the lazy dog. The quick brown fox jumped over the lazy dog. The quick brown fox jumped over the lazy dog. The quick brown fox jumped over the lazy dog. The quick brown fox jumped over the lazy dog. The quick brown fox jumped over the lazy dog. The quick brown fox jumped over the lazy dog. The quick brown fox jumped over the lazy dog. The quick brown fox jumped over the lazy dog. The quick brown fox jumped over the lazy dog. The quick brown fox jumped over the lazy dog. The quick brown fox jumped over the lazy dog. The quick brown fox jumped over the lazy dog. The quick brown fox jumped over the lazy dog. The quick brown fox jumped over the lazy dog. The quick brown fox jumped over the lazy dog. The quick brown fox jumped over the lazy dog. The quick brown fox jumped over the lazy dog. The quick brown fox jumped over the lazy dog. The quick brown fox jumped over the lazy dog. The quick brown fox jumped over the lazy dog. The quick brown fox jumped over the lazy dog. The quick brown fox jumped over the lazy dog. The quick brown fox jumped over the lazy dog. The quick brown fox jumped over the lazy dog. The quick brown fox jumped over the lazy dog. The quick brown fox jumped over the lazy dog. The quick brown fox jumped over the lazy dog. The quick brown fox jumped over the lazy dog. The quick brown fox jumped over the lazy dog. The quick brown fox jumped over the lazy dog. The quick brown fox jumped over the lazy dog. The quick brown fox jumped over the lazy dog. The quick brown fox jumped over the lazy dog. The quick brown fox jumped over the lazy dog. The quick brown fox jumped over the lazy dog. The quick brown fox jumped over the lazy dog. The quick brown fox jumped over the lazy dog. The quick brown fox jumped over the lazy dog. The quick brown fox jumped over the lazy dog. The quick brown fox jumped over the lazy dog. The quick brown fox jumped over the lazy dog. The quick brown fox jumped over the lazy dog. The quick brown fox jumped over the lazy dog. The quick brown fox jumped over the lazy dog. The quick brown fox jumped over the lazy dog. The quick brown fox jumped over the lazy dog. The quick brown fox jumped over the lazy dog. The quick brown fox jumped over the lazy dog. &gt; but was &lt;Hello Bob from node helloworld - The quick brown fox jumped over the lazy dog. The quick brown fox jumped over the lazy dog. The quick brown fox jumped over the lazy dog. The quick brown fox jumped over the lazy dog. The quick brown fox jumped over the lazy dog. The quick brown fox jumped over the lazy dog. The quick brown fox jumped over the lazy dog. The quick brown fox jumped over the lazy dog. The quick brown fox jumped over the lazy dog. The quick brown fox jumped over the lazy dog. The quick brown fox jumped over the lazy dog. The quick brown fox jumped over the lazy dog. The quick brown fox jumped over the lazy dog. The quick brown fox jumped over the lazy dog. The quick brown fox jumped over the lazy dog. The quick brown fox jumped over the lazy dog. The quick brown fox jumped over the lazy dog. The quick brown fox jumped over the lazy dog. The quick brown fox jumped over the lazy dog. The quick brown fox jumped over the lazy dog. The quick brown fox jumped over the lazy dog. The quick brown fox jumped over the lazy dog. The quick brown fox jumped over the lazy dog. The quick brown fox jumped over the lazy dog. The quick brown fox jumped over the lazy dog. The quick brown fox jumped over the lazy dog. The quick brown fox jumped over the lazy dog. The quick brown fox jumped over the lazy dog. The quick brown fox jumped over the lazy dog. The quick brown fox jumped over the lazy dog. The quick brown fox jumped over the lazy dog. The quick brown fox jumped over the lazy dog. The quick brown fox jumped over the lazy dog. The quick brown fox jumped over the lazy dog. The quick brown fox jumped over the lazy dog. The quick brown fox jumped over the lazy dog. The quick brown fox jumped over the lazy dog. The quick brown fox jumped over the lazy dog. The quick brown fox jumped over the lazy dog. The quick brown fox jumped over the lazy dog. The quick brown fox jumped over the lazy dog. The quick brown fox jumped over the lazy dog. The quick brown fox jumped over the lazy dog. The quick brown fox jumped over the lazy dog. The quick brown fox jumped over the lazy dog. The quick brown fox jumped over the lazy dog. The quick brown fox jumped over the lazy dog. The quick brown fox jumped over the lazy dog. The quick brown fox jumped over the lazy dog. The quick brown fox jumped over the lazy dog. The quick brown fox jumped over the lazy dog. The quick brown fox jumped over the lazy dog. The quick brown fox jumped over the lazy dog. The quick brown fox jumped over the lazy dog. The quick brown fox jumped over the lazy dog. The quick brown fox jumped over the lazy dog. The quick brown fox jumped over the lazy dog. The quick brown fox jumped over the lazy dog. &gt;" type="java.lang.AssertionError">java.lang.AssertionError: greeting :Expected and actual objects don&apos;t match.: expected &lt;Hello Bob from node helloworld-app - The quick brown fox jumped over the lazy dog. The quick brown fox jumped over the lazy dog. The quick brown fox jumped over the lazy dog. The quick brown fox jumped over the lazy dog. The quick brown fox jumped over the lazy dog. The quick brown fox jumped over the lazy dog. The quick brown fox jumped over the lazy dog. The quick brown fox jumped over the lazy dog. The quick brown fox jumped over the lazy dog. The quick brown fox jumped over the lazy dog. The quick brown fox jumped over the lazy dog. The quick brown fox jumped over the lazy dog. The quick brown fox jumped over the lazy dog. The quick brown fox jumped over the lazy dog. The quick brown fox jumped over the lazy dog. The quick brown fox jumped over the lazy dog. The quick brown fox jumped over the lazy dog. The quick brown fox jumped over the lazy dog. The quick brown fox jumped over the lazy dog. The quick brown fox jumped over the lazy dog. The quick brown fox jumped over the lazy dog. The quick brown fox jumped over the lazy dog. The quick brown fox jumped over the lazy dog. The quick brown fox jumped over the lazy dog. The quick brown fox jumped over the lazy dog. The quick brown fox jumped over the lazy dog. The quick brown fox jumped over the lazy dog. The quick brown fox jumped over the lazy dog. The quick brown fox jumped over the lazy dog. The quick brown fox jumped over the lazy dog. The quick brown fox jumped over the lazy dog. The quick brown fox jumped over the lazy dog. The quick brown fox jumped over the lazy dog. The quick brown fox jumped over the lazy dog. The quick brown fox jumped over the lazy dog. The quick brown fox jumped over the lazy dog. The quick brown fox jumped over the lazy dog. The quick brown fox jumped over the lazy dog. The quick brown fox jumped over the lazy dog. The quick brown fox jumped over the lazy dog. The quick brown fox jumped over the lazy dog. The quick brown fox jumped over the lazy dog. The quick brown fox jumped over the lazy dog. The quick brown fox jumped over the lazy dog. The quick brown fox jumped over the lazy dog. The quick brown fox jumped over the lazy dog. The quick brown fox jumped over the lazy dog. The quick brown fox jumped over the lazy dog. The quick brown fox jumped over the lazy dog. The quick brown fox jumped over the lazy dog. The quick brown fox jumped over the lazy dog. The quick brown fox jumped over the lazy dog. The quick brown fox jumped over the lazy dog. The quick brown fox jumped over the lazy dog. The quick brown fox jumped over the lazy dog. The quick brown fox jumped over the lazy dog. The quick brown fox jumped over the lazy dog. The quick brown fox jumped over the lazy dog. &gt; but was &lt;Hello Bob from node helloworld - The quick brown fox jumped over the lazy dog. The quick brown fox jumped over the lazy dog. The quick brown fox jumped over the lazy dog. The quick brown fox jumped over the lazy dog. The quick brown fox jumped over the lazy dog. The quick brown fox jumped over the lazy dog. The quick brown fox jumped over the lazy dog. The quick brown fox jumped over the lazy dog. The quick brown fox jumped over the lazy dog. The quick brown fox jumped over the lazy dog. The quick brown fox jumped over the lazy dog. The quick brown fox jumped over the lazy dog. The quick brown fox jumped over the lazy dog. The quick brown fox jumped over the lazy dog. The quick brown fox jumped over the lazy dog. The quick brown fox jumped over the lazy dog. The quick brown fox jumped over the lazy dog. The quick brown fox jumped over the lazy dog. The quick brown fox jumped over the lazy dog. The quick brown fox jumped over the lazy dog. The quick brown fox jumped over the lazy dog. The quick brown fox jumped over the lazy dog. The quick brown fox jumped over the lazy dog. The quick brown fox jumped over the lazy dog. The quick brown fox jumped over the lazy dog. The quick brown fox jumped over the lazy dog. The quick brown fox jumped over the lazy dog. The quick brown fox jumped over the lazy dog. The quick brown fox jumped over the lazy dog. The quick brown fox jumped over the lazy dog. The quick brown fox jumped over the lazy dog. The quick brown fox jumped over the lazy dog. The quick brown fox jumped over the lazy dog. The quick brown fox jumped over the lazy dog. The quick brown fox jumped over the lazy dog. The quick brown fox jumped over the lazy dog. The quick brown fox jumped over the lazy dog. The quick brown fox jumped over the lazy dog. The quick brown fox jumped over the lazy dog. The quick brown fox jumped over the lazy dog. The quick brown fox jumped over the lazy dog. The quick brown fox jumped over the lazy dog. The quick brown fox jumped over the lazy dog. The quick brown fox jumped over the lazy dog. The quick brown fox jumped over the lazy dog. The quick brown fox jumped over the lazy dog. The quick brown fox jumped over the lazy dog. The quick brown fox jumped over the lazy dog. The quick brown fox jumped over the lazy dog. The quick brown fox jumped over the lazy dog. The quick brown fox jumped over the lazy dog. The quick brown fox jumped over the lazy dog. The quick brown fox jumped over the lazy dog. The quick brown fox jumped over the lazy dog. The quick brown fox jumped over the lazy dog. The quick brown fox jumped over the lazy dog. The quick brown fox jumped over the lazy dog. The quick brown fox jumped over the lazy dog. &gt;
	at com.wm.ps.test.WmAssert.assertIDataEquals(WmAssert.java:205)
	at com.wm.ps.test.WmAssert.assertEquals(WmAssert.java:75)
	at com.wm.ps.test.DefaultResultsValidator.assertValid(DefaultResultsValidator.java:168)
	at com.wm.ps.test.WmTestCase.runInvoke(WmTestCase.java:1242)
	at com.wm.ps.test.WmTestCase.runTest(WmTestCase.java:1152)
</error>
  </testcase>
  <system-out><![CDATA[]]></system-out>
  <system-err><![CDATA[com.wm.pkg.art.error.DetailedServiceException: [ART.117.4021] Adapter Runtime (Adapter Service): Unable to invoke adapter service jc.api.helloworld_.services.priv.jdbc:insertMessage. Unable to get adapter service template.
[ART.117.4006] Adapter Runtime (Adapter Service): Invalid adapter type JDBCAdapter.
	at com.wm.pkg.art.error.DetailedServiceException.create(DetailedServiceException.java:134)
	at com.wm.pkg.art.error.DetailedServiceException.create(DetailedServiceException.java:125)
	at com.wm.pkg.art.ns.AdapterServiceNode.invokeService(AdapterServiceNode.java:260)
	at com.wm.pkg.art.ns.ARTNSService.baseInvoke(ARTNSService.java:62)
	at com.wm.app.b2b.server.invoke.InvokeManager.process(InvokeManager.java:739)
	at com.wm.app.b2b.server.util.tspace.ReservationProcessor.process(ReservationProcessor.java:46)
	at com.wm.app.b2b.server.invoke.StatisticsProcessor.process(StatisticsProcessor.java:61)
	at com.wm.app.b2b.server.invoke.ServiceCompletionImpl.process(ServiceCompletionImpl.java:250)
	at com.wm.app.b2b.server.invoke.ValidateProcessor.process(ValidateProcessor.java:56)
	at com.wm.app.b2b.server.invoke.PipelineProcessor.process(PipelineProcessor.java:178)
	at com.wm.app.b2b.server.ACLManager.process(ACLManager.java:334)
	at com.wm.app.b2b.server.invoke.DispatchProcessor.process(DispatchProcessor.java:41)
	at com.wm.app.b2b.server.AuditLogManager.process(AuditLogManager.java:401)
	at com.wm.app.b2b.server.invoke.InvokeManager.invoke(InvokeManager.java:611)
	at com.wm.app.b2b.server.invoke.InvokeManager.invoke(InvokeManager.java:423)
	at com.wm.app.b2b.server.invoke.InvokeManager.invoke(InvokeManager.java:381)
	at com.wm.app.b2b.server.ServiceManager.invoke(ServiceManager.java:253)
	at com.wm.app.b2b.server.BaseService.invoke(BaseService.java:236)
	at com.wm.lang.flow.FlowInvoke.invoke(FlowInvoke.java:267)
	at com.wm.lang.flow.FlowState.invokeNode(FlowState.java:668)
	at com.wm.lang.flow.FlowState.step(FlowState.java:534)
	at com.wm.lang.flow.FlowState.invoke(FlowState.java:501)
	at com.wm.app.b2b.server.FlowSvcImpl.baseInvoke(FlowSvcImpl.java:1150)
	at com.wm.app.b2b.server.invoke.InvokeManager.process(InvokeManager.java:739)
	at com.wm.app.b2b.server.util.tspace.ReservationProcessor.process(ReservationProcessor.java:46)
	at com.wm.app.b2b.server.invoke.StatisticsProcessor.process(StatisticsProcessor.java:61)
	at com.wm.app.b2b.server.invoke.ServiceCompletionImpl.process(ServiceCompletionImpl.java:250)
	at com.wm.app.b2b.server.invoke.ValidateProcessor.process(ValidateProcessor.java:56)
	at com.wm.app.b2b.server.invoke.PipelineProcessor.process(PipelineProcessor.java:178)
	at com.wm.app.b2b.server.ACLManager.process(ACLManager.java:334)
	at com.wm.app.b2b.server.invoke.DispatchProcessor.process(DispatchProcessor.java:41)
	at com.wm.app.b2b.server.AuditLogManager.process(AuditLogManager.java:401)
	at com.wm.app.b2b.server.invoke.InvokeManager.invoke(InvokeManager.java:611)
	at com.wm.app.b2b.server.invoke.InvokeManager.invoke(InvokeManager.java:423)
	at com.wm.app.b2b.server.invoke.InvokeManager.invoke(InvokeManager.java:381)
	at com.wm.app.b2b.server.ServiceManager.invoke(ServiceManager.java:253)
	at com.wm.app.b2b.server.comm.DefaultServerRequestHandler.handleMessage(DefaultServerRequestHandler.java:127)
	at com.wm.app.b2b.server.HTTPMessageHandler.process(HTTPMessageHandler.java:163)
	at com.wm.app.b2b.server.HTTPDispatch.handleRequest(HTTPDispatch.java:223)
	at com.wm.app.b2b.server.Dispatch.run(Dispatch.java:430)
	at com.wm.util.pool.PooledThread.run(PooledThread.java:134)
	at java.lang.Thread.run(Thread.java:748)
Caused by: com.wm.pkg.art.error.DetailedException: [ART.117.4006] Adapter Runtime (Adapter Service): Invalid adapter type JDBCAdapter.
	at com.wm.pkg.art.ns.AdapterServiceNode.getAdapterType(AdapterServiceNode.java:719)
	at com.wm.pkg.art.ns.AdapterServiceNode.getInteractionSpec(AdapterServiceNode.java:630)
	at com.wm.pkg.art.ns.AdapterServiceNode.invokeService(AdapterServiceNode.java:256)
	... 39 more
]]></system-err>
</testsuite>
